2023-07-24 16:43:31 error: uncaughtException: ER_TABLE_EXISTS_ERROR: Table 'migrations' already exists
QueryFailedError: ER_TABLE_EXISTS_ERROR: Table 'migrations' already exists
    at Query.<anonymous> (/Users/ramiroguillen/Documents/wonder-botanics/backend/src/driver/mysql/MysqlQueryRunner.ts:222:33)
    at Query.<anonymous> (/Users/ramiroguillen/Documents/wonder-botanics/backend/node_modules/mysql/lib/Connection.js:526:10)
    at Query._callback (/Users/ramiroguillen/Documents/wonder-botanics/backend/node_modules/mysql/lib/Connection.js:488:16)
    at Query.Sequence.end (/Users/ramiroguillen/Documents/wonder-botanics/backend/node_modules/mysql/lib/protocol/sequences/Sequence.js:83:24)
    at Query.ErrorPacket (/Users/ramiroguillen/Documents/wonder-botanics/backend/node_modules/mysql/lib/protocol/sequences/Query.js:92:8)
    at Protocol._parsePacket (/Users/ramiroguillen/Documents/wonder-botanics/backend/node_modules/mysql/lib/protocol/Protocol.js:291:23)
    at Parser._parsePacket (/Users/ramiroguillen/Documents/wonder-botanics/backend/node_modules/mysql/lib/protocol/Parser.js:433:10)
    at Parser.write (/Users/ramiroguillen/Documents/wonder-botanics/backend/node_modules/mysql/lib/protocol/Parser.js:43:10)
    at Protocol.write (/Users/ramiroguillen/Documents/wonder-botanics/backend/node_modules/mysql/lib/protocol/Protocol.js:38:16)
    at Socket.<anonymous> (/Users/ramiroguillen/Documents/wonder-botanics/backend/node_modules/mysql/lib/Connection.js:88:28)
2023-07-24 16:43:31 error: uncaughtException: ER_TABLE_EXISTS_ERROR: Table 'migrations' already exists
QueryFailedError: ER_TABLE_EXISTS_ERROR: Table 'migrations' already exists
    at Query.<anonymous> (/Users/ramiroguillen/Documents/wonder-botanics/backend/src/driver/mysql/MysqlQueryRunner.ts:222:33)
    at Query.<anonymous> (/Users/ramiroguillen/Documents/wonder-botanics/backend/node_modules/mysql/lib/Connection.js:526:10)
    at Query._callback (/Users/ramiroguillen/Documents/wonder-botanics/backend/node_modules/mysql/lib/Connection.js:488:16)
    at Query.Sequence.end (/Users/ramiroguillen/Documents/wonder-botanics/backend/node_modules/mysql/lib/protocol/sequences/Sequence.js:83:24)
    at Query.ErrorPacket (/Users/ramiroguillen/Documents/wonder-botanics/backend/node_modules/mysql/lib/protocol/sequences/Query.js:92:8)
    at Protocol._parsePacket (/Users/ramiroguillen/Documents/wonder-botanics/backend/node_modules/mysql/lib/protocol/Protocol.js:291:23)
    at Parser._parsePacket (/Users/ramiroguillen/Documents/wonder-botanics/backend/node_modules/mysql/lib/protocol/Parser.js:433:10)
    at Parser.write (/Users/ramiroguillen/Documents/wonder-botanics/backend/node_modules/mysql/lib/protocol/Parser.js:43:10)
    at Protocol.write (/Users/ramiroguillen/Documents/wonder-botanics/backend/node_modules/mysql/lib/protocol/Protocol.js:38:16)
    at Socket.<anonymous> (/Users/ramiroguillen/Documents/wonder-botanics/backend/node_modules/mysql/lib/Connection.js:88:28)
2023-07-24 16:45:06 error: uncaughtException: Cannot find module '../../database/user.entity'
Require stack:
- /Users/ramiroguillen/Documents/wonder-botanics/backend/src/services/user/user.service.ts
- /Users/ramiroguillen/Documents/wonder-botanics/backend/src/services/user/user.controller.ts
- /Users/ramiroguillen/Documents/wonder-botanics/backend/src/routes/user.routes.ts
- /Users/ramiroguillen/Documents/wonder-botanics/backend/src/index.ts
Error: Cannot find module '../../database/user.entity'
Require stack:
- /Users/ramiroguillen/Documents/wonder-botanics/backend/src/services/user/user.service.ts
- /Users/ramiroguillen/Documents/wonder-botanics/backend/src/services/user/user.controller.ts
- /Users/ramiroguillen/Documents/wonder-botanics/backend/src/routes/user.routes.ts
- /Users/ramiroguillen/Documents/wonder-botanics/backend/src/index.ts
    at Function.Module._resolveFilename (node:internal/modules/cjs/loader:1070:15)
    at Function.Module._load (node:internal/modules/cjs/loader:923:27)
    at Module.require (node:internal/modules/cjs/loader:1137:19)
    at require (node:internal/modules/helpers:121:18)
    at Object.<anonymous> (/Users/ramiroguillen/Documents/wonder-botanics/backend/src/services/user/user.service.ts:3:1)
    at Module._compile (node:internal/modules/cjs/loader:1255:14)
    at Module._compile (/Users/ramiroguillen/Documents/wonder-botanics/backend/node_modules/source-map-support/source-map-support.js:568:25)
    at Module.m._compile (/private/var/folders/jh/bmymblbn4ls6lvxk1w6j6fbw0000gn/T/ts-node-dev-hook-6300483741749376.js:69:33)
    at Module._extensions..js (node:internal/modules/cjs/loader:1309:10)
    at require.extensions..jsx.require.extensions..js (/private/var/folders/jh/bmymblbn4ls6lvxk1w6j6fbw0000gn/T/ts-node-dev-hook-6300483741749376.js:114:20)
2023-07-24 17:20:01 error: uncaughtException: тип Unable to compile TypeScript:
src/services/user/user.service.ts(37,18): error TS2769: No overload matches this call.
  Overload 1 of 3, '(entityLikeArray: DeepPartial<UserEntity>[]): UserEntity[]', gave the following error.
    Argument of type '{ password: string; id: string; email: string; role: string; createdAt: Date; updatedAt: Date; }' is not assignable to parameter of type 'DeepPartial<UserEntity>[]'.
      Object literal may only specify known properties, and 'password' does not exist in type 'DeepPartial<UserEntity>[]'.
  Overload 2 of 3, '(entityLike: DeepPartial<UserEntity>): UserEntity', gave the following error.
    Argument of type '{ password: string; id: string; email: string; role: string; createdAt: Date; updatedAt: Date; }' is not assignable to parameter of type 'DeepPartial<UserEntity>'.
      Type '{ password: string; id: string; email: string; role: string; createdAt: Date; updatedAt: Date; }' is not assignable to type '{ id?: string | undefined; email?: string | undefined; password?: string | undefined; role?: DeepPartial<RoleType> | undefined; customer?: DeepPartial<CustomerEntity> | undefined; createdAt?: DeepPartial<...> | undefined; updatedAt?: DeepPartial<...> | undefined; }'.
        Types of property 'role' are incompatible.
          Type 'string' is not assignable to type 'DeepPartial<RoleType> | undefined'.
src/services/user/user.service.ts(41,5): error TS2740: Type 'UserEntity[]' is missing the following properties from type 'UserEntity': id, email, password, role, and 3 more.
src/services/user/user.service.ts(56,60): error TS2345: Argument of type '{ id: string; email: string; password: string; role: string; createdAt: Date; updatedAt: Date; }' is not assignable to parameter of type '_QueryDeepPartialEntity<UserEntity>'.
  Types of property 'role' are incompatible.
    Type 'string' is not assignable to type '(() => string) | _QueryDeepPartialEntity<RoleType> | undefined'.

Error: тип Unable to compile TypeScript:
src/services/user/user.service.ts(37,18): error TS2769: No overload matches this call.
  Overload 1 of 3, '(entityLikeArray: DeepPartial<UserEntity>[]): UserEntity[]', gave the following error.
    Argument of type '{ password: string; id: string; email: string; role: string; createdAt: Date; updatedAt: Date; }' is not assignable to parameter of type 'DeepPartial<UserEntity>[]'.
      Object literal may only specify known properties, and 'password' does not exist in type 'DeepPartial<UserEntity>[]'.
  Overload 2 of 3, '(entityLike: DeepPartial<UserEntity>): UserEntity', gave the following error.
    Argument of type '{ password: string; id: string; email: string; role: string; createdAt: Date; updatedAt: Date; }' is not assignable to parameter of type 'DeepPartial<UserEntity>'.
      Type '{ password: string; id: string; email: string; role: string; createdAt: Date; updatedAt: Date; }' is not assignable to type '{ id?: string | undefined; email?: string | undefined; password?: string | undefined; role?: DeepPartial<RoleType> | undefined; customer?: DeepPartial<CustomerEntity> | undefined; createdAt?: DeepPartial<...> | undefined; updatedAt?: DeepPartial<...> | undefined; }'.
        Types of property 'role' are incompatible.
          Type 'string' is not assignable to type 'DeepPartial<RoleType> | undefined'.
src/services/user/user.service.ts(41,5): error TS2740: Type 'UserEntity[]' is missing the following properties from type 'UserEntity': id, email, password, role, and 3 more.
src/services/user/user.service.ts(56,60): error TS2345: Argument of type '{ id: string; email: string; password: string; role: string; createdAt: Date; updatedAt: Date; }' is not assignable to parameter of type '_QueryDeepPartialEntity<UserEntity>'.
  Types of property 'role' are incompatible.
    Type 'string' is not assignable to type '(() => string) | _QueryDeepPartialEntity<RoleType> | undefined'.

    at Object.<anonymous> (/Users/ramiroguillen/Documents/wonder-botanics/backend/src/services/user/user.service.ts:1:7)
    at Module._compile (node:internal/modules/cjs/loader:1255:14)
    at Module._compile (/Users/ramiroguillen/Documents/wonder-botanics/backend/node_modules/source-map-support/source-map-support.js:568:25)
    at Module.m._compile (/private/var/folders/jh/bmymblbn4ls6lvxk1w6j6fbw0000gn/T/ts-node-dev-hook-39665721145967847.js:69:33)
    at Module._extensions..js (node:internal/modules/cjs/loader:1309:10)
    at require.extensions..jsx.require.extensions..js (/private/var/folders/jh/bmymblbn4ls6lvxk1w6j6fbw0000gn/T/ts-node-dev-hook-39665721145967847.js:114:20)
    at require.extensions.<computed> (/private/var/folders/jh/bmymblbn4ls6lvxk1w6j6fbw0000gn/T/ts-node-dev-hook-39665721145967847.js:71:20)
    at Object.nodeDevHook [as .ts] (/Users/ramiroguillen/Documents/wonder-botanics/backend/node_modules/ts-node-dev/lib/hook.js:63:13)
    at Module.load (node:internal/modules/cjs/loader:1113:32)
    at Function.Module._load (node:internal/modules/cjs/loader:960:12)
2023-07-24 17:20:27 error: uncaughtException: тип Unable to compile TypeScript:
src/services/user/user.service.ts(37,18): error TS2769: No overload matches this call.
  Overload 1 of 3, '(entityLikeArray: DeepPartial<UserEntity>[]): UserEntity[]', gave the following error.
    Argument of type '{ password: string; id: string; email: string; role: string; createdAt: Date; updatedAt: Date; }' is not assignable to parameter of type 'DeepPartial<UserEntity>[]'.
      Object literal may only specify known properties, and 'password' does not exist in type 'DeepPartial<UserEntity>[]'.
  Overload 2 of 3, '(entityLike: DeepPartial<UserEntity>): UserEntity', gave the following error.
    Argument of type '{ password: string; id: string; email: string; role: string; createdAt: Date; updatedAt: Date; }' is not assignable to parameter of type 'DeepPartial<UserEntity>'.
      Type '{ password: string; id: string; email: string; role: string; createdAt: Date; updatedAt: Date; }' is not assignable to type '{ id?: string | undefined; email?: string | undefined; password?: string | undefined; role?: DeepPartial<RoleType> | undefined; customer?: DeepPartial<CustomerEntity> | undefined; createdAt?: DeepPartial<...> | undefined; updatedAt?: DeepPartial<...> | undefined; }'.
        Types of property 'role' are incompatible.
          Type 'string' is not assignable to type 'DeepPartial<RoleType> | undefined'.
src/services/user/user.service.ts(41,5): error TS2740: Type 'UserEntity[]' is missing the following properties from type 'UserEntity': id, email, password, role, and 3 more.
src/services/user/user.service.ts(56,60): error TS2345: Argument of type '{ id: string; email: string; password: string; role: string; createdAt: Date; updatedAt: Date; }' is not assignable to parameter of type '_QueryDeepPartialEntity<UserEntity>'.
  Types of property 'role' are incompatible.
    Type 'string' is not assignable to type '(() => string) | _QueryDeepPartialEntity<RoleType> | undefined'.

Error: тип Unable to compile TypeScript:
src/services/user/user.service.ts(37,18): error TS2769: No overload matches this call.
  Overload 1 of 3, '(entityLikeArray: DeepPartial<UserEntity>[]): UserEntity[]', gave the following error.
    Argument of type '{ password: string; id: string; email: string; role: string; createdAt: Date; updatedAt: Date; }' is not assignable to parameter of type 'DeepPartial<UserEntity>[]'.
      Object literal may only specify known properties, and 'password' does not exist in type 'DeepPartial<UserEntity>[]'.
  Overload 2 of 3, '(entityLike: DeepPartial<UserEntity>): UserEntity', gave the following error.
    Argument of type '{ password: string; id: string; email: string; role: string; createdAt: Date; updatedAt: Date; }' is not assignable to parameter of type 'DeepPartial<UserEntity>'.
      Type '{ password: string; id: string; email: string; role: string; createdAt: Date; updatedAt: Date; }' is not assignable to type '{ id?: string | undefined; email?: string | undefined; password?: string | undefined; role?: DeepPartial<RoleType> | undefined; customer?: DeepPartial<CustomerEntity> | undefined; createdAt?: DeepPartial<...> | undefined; updatedAt?: DeepPartial<...> | undefined; }'.
        Types of property 'role' are incompatible.
          Type 'string' is not assignable to type 'DeepPartial<RoleType> | undefined'.
src/services/user/user.service.ts(41,5): error TS2740: Type 'UserEntity[]' is missing the following properties from type 'UserEntity': id, email, password, role, and 3 more.
src/services/user/user.service.ts(56,60): error TS2345: Argument of type '{ id: string; email: string; password: string; role: string; createdAt: Date; updatedAt: Date; }' is not assignable to parameter of type '_QueryDeepPartialEntity<UserEntity>'.
  Types of property 'role' are incompatible.
    Type 'string' is not assignable to type '(() => string) | _QueryDeepPartialEntity<RoleType> | undefined'.

    at Object.<anonymous> (/Users/ramiroguillen/Documents/wonder-botanics/backend/src/services/user/user.service.ts:1:7)
    at Module._compile (node:internal/modules/cjs/loader:1255:14)
    at Module._compile (/Users/ramiroguillen/Documents/wonder-botanics/backend/node_modules/source-map-support/source-map-support.js:568:25)
    at Module.m._compile (/private/var/folders/jh/bmymblbn4ls6lvxk1w6j6fbw0000gn/T/ts-node-dev-hook-39665721145967847.js:69:33)
    at Module._extensions..js (node:internal/modules/cjs/loader:1309:10)
    at require.extensions..jsx.require.extensions..js (/private/var/folders/jh/bmymblbn4ls6lvxk1w6j6fbw0000gn/T/ts-node-dev-hook-39665721145967847.js:114:20)
    at require.extensions.<computed> (/private/var/folders/jh/bmymblbn4ls6lvxk1w6j6fbw0000gn/T/ts-node-dev-hook-39665721145967847.js:71:20)
    at Object.nodeDevHook [as .ts] (/Users/ramiroguillen/Documents/wonder-botanics/backend/node_modules/ts-node-dev/lib/hook.js:63:13)
    at Module.load (node:internal/modules/cjs/loader:1113:32)
    at Function.Module._load (node:internal/modules/cjs/loader:960:12)
